<?xml version="1.0" encoding="UTF-8"?>
<!-- Generated by org.testng.reporters.JUnitReportReporter -->
<testsuite hostname="MacBook-Pro-de-Jose.local" failures="0" tests="1" name="tests.TestRunner" time="16.425" errors="0" timestamp="2022-03-15T15:38:06 CST" skipped="0">
  <testcase classname="tests.TestRunner" name="testBuyAPhone" time="16.425"/>
  <system-out/>
</testsuite> <!-- tests.TestRunner -->
